2018-08-28 10:35:56,893 INFO o.a.j.u.JMeterUtils: Setting Locale to en_EN
2018-08-28 10:35:56,902 INFO o.a.j.JMeter: Loading user properties from: user.properties
2018-08-28 10:35:56,903 INFO o.a.j.JMeter: Loading system properties from: system.properties
2018-08-28 10:35:56,907 INFO o.a.j.JMeter: Copyright (c) 1998-2018 The Apache Software Foundation
2018-08-28 10:35:56,907 INFO o.a.j.JMeter: Version 4.0.20180828
2018-08-28 10:35:56,907 INFO o.a.j.JMeter: java.version=1.8.0_181
2018-08-28 10:35:56,907 INFO o.a.j.JMeter: java.vm.name=Java HotSpot(TM) 64-Bit Server VM
2018-08-28 10:35:56,907 INFO o.a.j.JMeter: os.name=Windows 10
2018-08-28 10:35:56,907 INFO o.a.j.JMeter: os.arch=amd64
2018-08-28 10:35:56,907 INFO o.a.j.JMeter: os.version=10.0
2018-08-28 10:35:56,907 INFO o.a.j.JMeter: file.encoding=Cp1252
2018-08-28 10:35:56,907 INFO o.a.j.JMeter: Max memory     =2147483648
2018-08-28 10:35:56,907 INFO o.a.j.JMeter: Available Processors =8
2018-08-28 10:35:56,910 INFO o.a.j.JMeter: Default Locale=English (EN)
2018-08-28 10:35:56,910 INFO o.a.j.JMeter: JMeter  Locale=English (EN)
2018-08-28 10:35:56,910 INFO o.a.j.JMeter: JMeterHome=D:\00M_IDEA_Project\jmeter4.0_src
2018-08-28 10:35:56,910 INFO o.a.j.JMeter: user.dir  =D:\00M_IDEA_Project\jmeter4.0_src\bin
2018-08-28 10:35:56,910 INFO o.a.j.JMeter: PWD       =D:\00M_IDEA_Project\jmeter4.0_src\bin
2018-08-28 10:35:56,911 INFO o.a.j.JMeter: IP: 10.201.10.53 Name: jasqia-7050 FullName: jasqia-7050.ap.Acxiom.net
2018-08-28 10:35:57,041 INFO o.a.j.g.a.LookAndFeelCommand: Installing Darcula LAF
2018-08-28 10:35:57,050 INFO o.a.j.g.a.LookAndFeelCommand: Using look and feel: javax.swing.plaf.metal.MetalLookAndFeel [Darcula]
2018-08-28 10:35:57,050 INFO o.a.j.JMeter: Setting LAF to: javax.swing.plaf.metal.MetalLookAndFeel
2018-08-28 10:35:57,054 INFO o.a.j.JMeter: Loaded icon properties from org/apache/jmeter/images/icon.properties
2018-08-28 10:35:57,456 INFO o.a.j.e.u.CompoundVariable: Note: Function class names must contain the string: '.functions.'
2018-08-28 10:35:57,456 INFO o.a.j.e.u.CompoundVariable: Note: Function class names must not contain the string: '.gui.'
2018-08-28 10:35:58,356 INFO o.a.j.p.h.s.HTTPSamplerBase: Parser for text/html is org.apache.jmeter.protocol.http.parser.LagartoBasedHtmlParser
2018-08-28 10:35:58,357 INFO o.a.j.p.h.s.HTTPSamplerBase: Parser for application/xhtml+xml is org.apache.jmeter.protocol.http.parser.LagartoBasedHtmlParser
2018-08-28 10:35:58,357 INFO o.a.j.p.h.s.HTTPSamplerBase: Parser for application/xml is org.apache.jmeter.protocol.http.parser.LagartoBasedHtmlParser
2018-08-28 10:35:58,357 INFO o.a.j.p.h.s.HTTPSamplerBase: Parser for text/xml is org.apache.jmeter.protocol.http.parser.LagartoBasedHtmlParser
2018-08-28 10:35:58,357 INFO o.a.j.p.h.s.HTTPSamplerBase: Parser for text/vnd.wap.wml is org.apache.jmeter.protocol.http.parser.RegexpHTMLParser
2018-08-28 10:35:58,357 INFO o.a.j.p.h.s.HTTPSamplerBase: Parser for text/css is org.apache.jmeter.protocol.http.parser.CssParser
2018-08-28 10:35:58,627 INFO o.a.j.e.KeyToolUtils: keytool found at 'keytool'
2018-08-28 10:35:58,628 INFO o.a.j.p.h.p.ProxyControl: HTTP(S) Test Script Recorder SSL Proxy will use keys that support embedded 3rd party resources in file D:\00M_IDEA_Project\jmeter4.0_src\bin\proxyserver.jks
2018-08-28 10:35:58,722 INFO o.a.j.s.FileServer: Default base='D:\00M_IDEA_Project\jmeter4.0_src\bin'
2018-08-28 10:35:59,158 INFO o.a.j.s.SampleResult: Note: Sample TimeStamps are START times
2018-08-28 10:35:59,158 INFO o.a.j.s.SampleResult: sampleresult.default.encoding is set to UTF-8
2018-08-28 10:35:59,158 INFO o.a.j.s.SampleResult: sampleresult.useNanoTime=true
2018-08-28 10:35:59,158 INFO o.a.j.s.SampleResult: sampleresult.nanoThreadSleep=5000
